__tests__/__mocks__/productFormMockData.ts(1,30): error TS2307: Cannot find module '@/interface/DataResponse' or its corresponding type declarations.
__tests__/components/AddCart.test.tsx(3,21): error TS2307: Cannot find module '@/components/Home/Cart/AddCart' or its corresponding type declarations.
__tests__/components/AddCart.test.tsx(4,45): error TS2307: Cannot find module '@/types/salesStatus' or its corresponding type declarations.
__tests__/components/AddCart.test.tsx(5,22): error TS2307: Cannot find module '@/types/size' or its corresponding type declarations.
__tests__/components/AddCart.test.tsx(35,51): error TS2339: Property 'toBeInTheDocument' does not exist on type 'Assertion'.
__tests__/components/AddCart.test.tsx(36,66): error TS2339: Property 'toBeInTheDocument' does not exist on type 'Assertion'.
__tests__/components/AddCart.test.tsx(37,65): error TS2339: Property 'toBeInTheDocument' does not exist on type 'Assertion'.
__tests__/components/AddCart.test.tsx(54,29): error TS2339: Property 'toHaveTextContent' does not exist on type 'Assertion'.
__tests__/components/AddCart.test.tsx(72,29): error TS2339: Property 'toHaveTextContent' does not exist on type 'Assertion'.
__tests__/components/AddCart.test.tsx(87,23): error TS2551: Property 'toBeDisabled' does not exist on type 'Assertion'. Did you mean 'disabled'?
__tests__/components/Categories.test.tsx(4,24): error TS2307: Cannot find module '@/components/Home/Main/Categories' or its corresponding type declarations.
__tests__/components/Categories.test.tsx(78,23): error TS2339: Property 'toBeInTheDocument' does not exist on type 'Assertion'.
__tests__/components/Categories.test.tsx(82,23): error TS2339: Property 'toBeInTheDocument' does not exist on type 'Assertion'.
__tests__/components/Categories.test.tsx(94,44): error TS2339: Property 'toBeInTheDocument' does not exist on type 'Assertion'.
__tests__/components/Categories.test.tsx(95,45): error TS2339: Property 'toBeInTheDocument' does not exist on type 'Assertion'.
__tests__/components/CategoryForm.test.tsx(6,26): error TS2307: Cannot find module '@/components/Admin/Category/CategoryForm' or its corresponding type declarations.
__tests__/components/CategoryForm.test.tsx(7,27): error TS2307: Cannot find module '@/components/Admin/Tables/CategoryTable' or its corresponding type declarations.
__tests__/components/CategoryForm.test.tsx(8,22): error TS2307: Cannot find module '@/types/mode' or its corresponding type declarations.
__tests__/components/CategoryForm.test.tsx(133,18): error TS2339: Property 'toHaveAttribute' does not exist on type 'Assertion'.
__tests__/components/CategoryForm.test.tsx(158,24): error TS2339: Property 'toHaveBeenCalledWith' does not exist on type 'Assertion'.
__tests__/components/CategoryForm.test.tsx(168,26): error TS2339: Property 'toBeInTheDocument' does not exist on type 'Assertion'.
__tests__/components/CategoryForm.test.tsx(176,22): error TS2339: Property 'toBeInTheDocument' does not exist on type 'Assertion'.
__tests__/components/CategoryForm.test.tsx(185,23): error TS2339: Property 'toBeInTheDocument' does not exist on type 'Assertion'.
__tests__/components/CategoryForm.test.tsx(186,23): error TS2339: Property 'toBeInTheDocument' does not exist on type 'Assertion'.
__tests__/components/CategoryForm.test.tsx(206,24): error TS2339: Property 'toHaveBeenCalledWith' does not exist on type 'Assertion'.
__tests__/components/CategoryForm.test.tsx(212,23): error TS2339: Property 'toBeInTheDocument' does not exist on type 'Assertion'.
__tests__/components/CategoryForm.test.tsx(224,27): error TS2339: Property 'toHaveBeenCalledWith' does not exist on type 'Assertion'.
__tests__/components/CategoryForm.test.tsx(234,26): error TS2339: Property 'toBeInTheDocument' does not exist on type 'Assertion'.
__tests__/components/LoginPage.test.tsx(5,28): error TS2307: Cannot find module '@/types/memberRole' or its corresponding type declarations.
__tests__/components/LoginPage.test.tsx(63,41): error TS2339: Property 'toBeInTheDocument' does not exist on type 'Assertion'.
__tests__/components/LoginPage.test.tsx(64,48): error TS2339: Property 'toBeInTheDocument' does not exist on type 'Assertion'.
__tests__/components/LoginPage.test.tsx(65,49): error TS2339: Property 'toBeInTheDocument' does not exist on type 'Assertion'.
__tests__/components/LoginPage.test.tsx(66,44): error TS2339: Property 'toBeInTheDocument' does not exist on type 'Assertion'.
__tests__/components/LoginPage.test.tsx(67,59): error TS2339: Property 'toBeInTheDocument' does not exist on type 'Assertion'.
__tests__/components/LoginPage.test.tsx(87,38): error TS2307: Cannot find module '@/utils/fetcher/fetcher' or its corresponding type declarations.
__tests__/components/LoginPage.test.tsx(94,27): error TS2339: Property 'toHaveBeenCalledWith' does not exist on type 'Assertion'.
__tests__/components/LoginPage.test.tsx(95,31): error TS2339: Property 'toHaveBeenCalledWith' does not exist on type 'Assertion'.
__tests__/components/LoginPage.test.tsx(116,49): error TS2339: Property 'toBeInTheDocument' does not exist on type 'Assertion'.
__tests__/components/LoginPage.test.tsx(123,29): error TS2339: Property 'toHaveBeenCalledWith' does not exist on type 'Assertion'.
__tests__/components/SearchBar.test.tsx(4,23): error TS2307: Cannot find module '@/components/Home/Common/SearchBar' or its corresponding type declarations.
__tests__/components/SearchBar.test.tsx(35,19): error TS2339: Property 'toBeInTheDocument' does not exist on type 'Assertion'.
__tests__/components/SearchBar.test.tsx(36,20): error TS2339: Property 'toBeInTheDocument' does not exist on type 'Assertion'.
__tests__/components/SearchBar.test.tsx(42,25): error TS2339: Property 'toBe' does not exist on type 'Assertion'.
__tests__/components/SearchBar.test.tsx(49,25): error TS2339: Property 'toBe' does not exist on type 'Assertion'.
__tests__/components/SearchBar.test.tsx(60,31): error TS2339: Property 'toHaveBeenCalledWith' does not exist on type 'Assertion'.
__tests__/components/SignupPage.test.tsx(5,30): error TS2307: Cannot find module '@/interface/DataResponse' or its corresponding type declarations.
__tests__/components/SignupPage.test.tsx(6,24): error TS2307: Cannot find module '@/interface/Member' or its corresponding type declarations.
__tests__/components/SignupPage.test.tsx(7,28): error TS2307: Cannot find module '@/types/memberRole' or its corresponding type declarations.
__tests__/components/SignupPage.test.tsx(29,41): error TS2339: Property 'toBeInTheDocument' does not exist on type 'Assertion'.
__tests__/components/SignupPage.test.tsx(30,48): error TS2339: Property 'toBeInTheDocument' does not exist on type 'Assertion'.
__tests__/components/SignupPage.test.tsx(31,49): error TS2339: Property 'toBeInTheDocument' does not exist on type 'Assertion'.
__tests__/components/SignupPage.test.tsx(32,48): error TS2339: Property 'toBeInTheDocument' does not exist on type 'Assertion'.
__tests__/components/SignupPage.test.tsx(33,44): error TS2339: Property 'toBeInTheDocument' does not exist on type 'Assertion'.
__tests__/components/SignupPage.test.tsx(34,60): error TS2339: Property 'toBeInTheDocument' does not exist on type 'Assertion'.
__tests__/components/SignupPage.test.tsx(66,34): error TS2339: Property 'toHaveBeenCalledWith' does not exist on type 'Assertion'.
__tests__/components/SingleCartItem.test.tsx(5,28): error TS2307: Cannot find module '@/components/Home/Cart/SingleCartItem' or its corresponding type declarations.
__tests__/components/SingleCartItem.test.tsx(6,30): error TS2307: Cannot find module '@/interface/CartItemList' or its corresponding type declarations.
__tests__/components/SingleCartItem.test.tsx(7,26): error TS2307: Cannot find module '@/interface/ColorTag' or its corresponding type declarations.
__tests__/components/SingleCartItem.test.tsx(8,30): error TS2307: Cannot find module '@/store/cartStore' or its corresponding type declarations.
__tests__/components/SingleCartItem.test.tsx(84,50): error TS2339: Property 'toBeInTheDocument' does not exist on type 'Assertion'.
__tests__/components/SingleCartItem.test.tsx(86,48): error TS2339: Property 'toBeInTheDocument' does not exist on type 'Assertion'.
__tests__/components/SingleCartItem.test.tsx(88,57): error TS2339: Property 'toBeInTheDocument' does not exist on type 'Assertion'.
__tests__/components/SingleCartItem.test.tsx(90,50): error TS2339: Property 'toBeInTheDocument' does not exist on type 'Assertion'.
__tests__/components/SingleCartItem.test.tsx(92,72): error TS2339: Property 'toBeInTheDocument' does not exist on type 'Assertion'.
__tests__/components/SingleCartItem.test.tsx(94,72): error TS2339: Property 'toBeInTheDocument' does not exist on type 'Assertion'.
__tests__/components/SingleCartItem.test.tsx(96,66): error TS2339: Property 'toBeInTheDocument' does not exist on type 'Assertion'.
__tests__/components/SingleCartItem.test.tsx(102,40): error TS2339: Property 'toBeInTheDocument' does not exist on type 'Assertion'.
__tests__/components/SingleCartItem.test.tsx(107,38): error TS2339: Property 'toHaveBeenCalledWith' does not exist on type 'Assertion'.
__tests__/components/SingleCartItem.test.tsx(119,40): error TS2339: Property 'toBeInTheDocument' does not exist on type 'Assertion'.
__tests__/components/SingleCartItem.test.tsx(124,38): error TS2339: Property 'toHaveBeenCalledWith' does not exist on type 'Assertion'.
__tests__/components/SingleCartItem.test.tsx(144,38): error TS2339: Property 'toHaveBeenCalledWith' does not exist on type 'Assertion'.
__tests__/components/SingleCartItem.test.tsx(154,42): error TS2339: Property 'toHaveBeenCalled' does not exist on type 'Assertion'.
__tests__/components/SingleCartItem.test.tsx(156,28): error TS2551: Property 'toBeDisabled' does not exist on type 'Assertion'. Did you mean 'disabled'?
__tests__/stores/cartStore.test.ts(1,30): error TS2307: Cannot find module '@/interface/CartItemList' or its corresponding type declarations.
__tests__/stores/cartStore.test.ts(2,30): error TS2307: Cannot find module '@/store/cartStore' or its corresponding type declarations.
__tests__/stores/cartStore.test.ts(47,28): error TS2339: Property 'toBe' does not exist on type 'Assertion'.
__tests__/stores/cartStore.test.ts(48,31): error TS2339: Property 'toBe' does not exist on type 'Assertion'.
__tests__/stores/cartStore.test.ts(49,23): error TS2339: Property 'toBe' does not exist on type 'Assertion'.
__tests__/stores/cartStore.test.ts(50,25): error TS2339: Property 'toBe' does not exist on type 'Assertion'.
__tests__/stores/cartStore.test.ts(51,27): error TS2339: Property 'toBe' does not exist on type 'Assertion'.
src/app/(admin)/admin/users/page.tsx(4,27): error TS2307: Cannot find module '@/components/Admin/Users/UserDashbaord' or its corresponding type declarations.
src/entities/analytics/ui/CountryChartView.tsx(9,44): error TS2307: Cannot find module '../Charts/SalesPieChartView' or its corresponding type declarations.
src/entities/analytics/ui/CountryChartView.tsx(10,41): error TS2307: Cannot find module '../Maps/CountryMapView' or its corresponding type declarations.
src/entities/analytics/ui/CountryChartView.tsx(17,23): error TS2322: Type '{ countries: MapResponse[]; }' is not assignable to type 'IntrinsicAttributes'.
  Property 'countries' does not exist on type 'IntrinsicAttributes'.
src/entities/analytics/ui/CountryChartView.tsx(23,26): error TS2322: Type '{ countries: MapResponse[]; }' is not assignable to type 'IntrinsicAttributes'.
  Property 'countries' does not exist on type 'IntrinsicAttributes'.
src/entities/analytics/ui/RealtimeBottomOverviewView.tsx(10,45): error TS2307: Cannot find module './Charts/RecentVisitors' or its corresponding type declarations.
src/entities/analytics/ui/RealtimeBottomOverviewView.tsx(11,39): error TS2307: Cannot find module './Charts/PieChart' or its corresponding type declarations.
src/entities/analytics/ui/RealtimeBottomOverviewView.tsx(22,27): error TS2322: Type '{ gaData: SessionDTO<number>[] | undefined; }' is not assignable to type 'IntrinsicAttributes'.
  Property 'gaData' does not exist on type 'IntrinsicAttributes'.
src/entities/analytics/ui/RealtimeBottomOverviewView.tsx(28,21): error TS2322: Type '{ data: SessionDTO<number>[] | undefined; title: string; label: string; }' is not assignable to type 'IntrinsicAttributes'.
  Property 'data' does not exist on type 'IntrinsicAttributes'.
src/entities/analytics/ui/RealtimeOverviewView.tsx(9,45): error TS2307: Cannot find module './Charts/ActiveVisitorsView' or its corresponding type declarations.
src/entities/analytics/ui/RealtimeOverviewView.tsx(10,47): error TS2307: Cannot find module './Charts/ActiveVisitChartView' or its corresponding type declarations.
src/entities/analytics/ui/RealtimeOverviewView.tsx(11,40): error TS2307: Cannot find module './Charts/PageRouteView' or its corresponding type declarations.
src/entities/analytics/ui/RealtimeOverviewView.tsx(12,53): error TS2307: Cannot find module './RealtimeBottomOverview' or its corresponding type declarations.
src/entities/analytics/ui/RealtimeOverviewView.tsx(21,27): error TS2322: Type '{ gaData: SessionDTO<number>[] | undefined; }' is not assignable to type 'IntrinsicAttributes'.
  Property 'gaData' does not exist on type 'IntrinsicAttributes'.
src/entities/analytics/ui/RealtimeOverviewView.tsx(24,29): error TS2322: Type '{ chart: SessionChart | undefined; }' is not assignable to type 'IntrinsicAttributes'.
  Property 'chart' does not exist on type 'IntrinsicAttributes'.
src/entities/analytics/ui/RealtimeOverviewView.tsx(30,22): error TS2322: Type '{ gaData: SessionDTO<number>[] | undefined; }' is not assignable to type 'IntrinsicAttributes'.
  Property 'gaData' does not exist on type 'IntrinsicAttributes'.
src/entities/analytics/ui/SalesOverviewView.tsx(7,27): error TS2307: Cannot find module '@/components/Admin/Dashboard/CardDataStats' or its corresponding type declarations.
src/entities/analytics/ui/SalesOverviewView.tsx(15,41): error TS2307: Cannot find module '../Dashboard/Charts/SalesChartView' or its corresponding type declarations.
src/entities/analytics/ui/SalesOverviewView.tsx(16,44): error TS2307: Cannot find module '../Tables/TopOrderTable' or its corresponding type declarations.
src/entities/analytics/ui/SalesOverviewView.tsx(18,43): error TS2307: Cannot find module './Charts/CountryChart' or its corresponding type declarations.
src/entities/analytics/ui/SalesOverviewView.tsx(178,25): error TS2322: Type '{ chart: ChartResponse | undefined; filterChange: (f: ChartFilter) => void; filter: ChartFilter; }' is not assignable to type 'IntrinsicAttributes'.
  Property 'chart' does not exist on type 'IntrinsicAttributes'.
src/entities/analytics/ui/SalesOverviewView.tsx(182,23): error TS2322: Type '{ date: DatepickType; }' is not assignable to type 'IntrinsicAttributes'.
  Property 'date' does not exist on type 'IntrinsicAttributes'.
src/entities/analytics/ui/SalesOverviewView.tsx(186,28): error TS2322: Type '{ date: DatepickType; }' is not assignable to type 'IntrinsicAttributes'.
  Property 'date' does not exist on type 'IntrinsicAttributes'.
src/entities/analytics/ui/TrafficBottomOverviewView.tsx(10,48): error TS2307: Cannot find module './Maps/CountryTrafficMapView' or its corresponding type declarations.
src/entities/analytics/ui/TrafficBottomOverviewView.tsx(18,28): error TS2322: Type '{ countries: CountryChartDTO[]; }' is not assignable to type 'IntrinsicAttributes'.
  Property 'countries' does not exist on type 'IntrinsicAttributes'.
src/entities/analytics/ui/TrafficMiddleOverviewView.tsx(10,47): error TS2307: Cannot find module './Charts/TrafficPageChartView' or its corresponding type declarations.
src/entities/analytics/ui/TrafficMiddleOverviewView.tsx(11,49): error TS2307: Cannot find module './Charts/TrafficSourceChartView' or its corresponding type declarations.
src/entities/analytics/ui/TrafficMiddleOverviewView.tsx(12,39): error TS2307: Cannot find module './Charts/PieChart' or its corresponding type declarations.
src/entities/analytics/ui/TrafficMiddleOverviewView.tsx(21,29): error TS2322: Type '{ topPages: SessionDTO<number>[]; }' is not assignable to type 'IntrinsicAttributes'.
  Property 'topPages' does not exist on type 'IntrinsicAttributes'.
src/entities/analytics/ui/TrafficMiddleOverviewView.tsx(29,15): error TS2322: Type '{ data: SessionDTO<number>[]; title: string; label: string; }' is not assignable to type 'IntrinsicAttributes'.
  Property 'data' does not exist on type 'IntrinsicAttributes'.
src/entities/analytics/ui/TrafficMiddleOverviewView.tsx(38,23): error TS2322: Type '{ data: SessionDTO<number>[]; title: string; label: string; }' is not assignable to type 'IntrinsicAttributes'.
  Property 'data' does not exist on type 'IntrinsicAttributes'.
src/entities/analytics/ui/TrafficMiddleOverviewView.tsx(44,33): error TS2322: Type '{ topSources: SessionDTO<number>[]; }' is not assignable to type 'IntrinsicAttributes'.
  Property 'topSources' does not exist on type 'IntrinsicAttributes'.
src/entities/analytics/ui/TrafficOverviewView.tsx(14,50): error TS2307: Cannot find module './Charts/TrafficSessionChartView' or its corresponding type declarations.
src/entities/analytics/ui/TrafficOverviewView.tsx(18,48): error TS2307: Cannot find module './Charts/MultiCirclesChartView' or its corresponding type declarations.
src/entities/analytics/ui/TrafficOverviewView.tsx(22,52): error TS2307: Cannot find module './TrafficMiddleOverview' or its corresponding type declarations.
src/entities/analytics/ui/TrafficOverviewView.tsx(26,52): error TS2307: Cannot find module './TrafficBottomOverview' or its corresponding type declarations.
src/entities/analytics/ui/TrafficOverviewView.tsx(69,13): error TS2322: Type '{ chart: SessionChart | undefined; filter: ChartFilter; filterChange: (f: ChartFilter) => void; }' is not assignable to type 'IntrinsicAttributes'.
  Property 'chart' does not exist on type 'IntrinsicAttributes'.
src/entities/analytics/ui/TrafficOverviewView.tsx(77,13): error TS2322: Type '{ percentages: number[]; title: string; labels: string[]; total: string; }' is not assignable to type 'IntrinsicAttributes'.
  Property 'percentages' does not exist on type 'IntrinsicAttributes'.
src/entities/analytics/ui/TrafficOverviewView.tsx(85,34): error TS2322: Type '{ date: DatepickType; comparedDate: DatepickType; }' is not assignable to type 'IntrinsicAttributes'.
  Property 'date' does not exist on type 'IntrinsicAttributes'.
src/entities/analytics/ui/TrafficOverviewView.tsx(89,34): error TS2322: Type '{ date: DatepickType; comparedDate: DatepickType; }' is not assignable to type 'IntrinsicAttributes'.
  Property 'date' does not exist on type 'IntrinsicAttributes'.
src/entities/cart/ui/CartModal.tsx(7,31): error TS2307: Cannot find module '@/constants' or its corresponding type declarations.
src/entities/category/model/service.ts(2,10): error TS2724: '"@/entities/category/model/types"' has no exported member named 'CategoryTree'. Did you mean 'Category'?
src/entities/category/ui/CategorySelect.tsx(3,26): error TS2307: Cannot find module '@/components/Admin/Product/CategoryList' or its corresponding type declarations.
src/entities/category/ui/CategorySelect.tsx(42,22): error TS7006: Parameter 'category' implicitly has an 'any' type.
src/entities/category/ui/CategorySelect.tsx(50,24): error TS7006: Parameter 'category' implicitly has an 'any' type.
src/entities/category/ui/CategoryTableView.tsx(14,15): error TS2724: '"@/entities/category/model/types"' has no exported member named 'CategoryTree'. Did you mean 'Category'?
src/entities/category/ui/CategoryTableView.tsx(17,37): error TS2307: Cannot find module '../Dialog' or its corresponding type declarations.
src/entities/category/ui/CategoryTableView.tsx(157,11): error TS2322: Type '{ content: string; clickModal: () => void; showDialog: true; doAction: () => void; }' is not assignable to type 'IntrinsicAttributes'.
  Property 'content' does not exist on type 'IntrinsicAttributes'.
src/entities/product/ui/CategoryList.tsx(3,26): error TS2307: Cannot find module '@/components/Admin/Product/CategoryItem' or its corresponding type declarations.
src/features/category/manage/ui/CategoryFormView.tsx(7,32): error TS2307: Cannot find module '@/components/Admin/Category/CategoryBreadcrumb' or its corresponding type declarations.
src/features/checkout/model/useCheckout.ts(6,40): error TS2307: Cannot find module '@/hooks/home/order/useCreateOrderMutation' or its corresponding type declarations.
src/features/product/filters/ui/FiltersBadge.tsx(7,24): error TS2307: Cannot find module './ProductListView' or its corresponding type declarations.
src/features/product/manage/ui/ProductForm.tsx(2,32): error TS2307: Cannot find module '@/hooks/admin/product/useProductForm' or its corresponding type declarations.
src/features/product/manage/ui/ProductFormView.tsx(17,43): error TS2307: Cannot find module './presets' or its corresponding type declarations.
src/features/product/manage/ui/ProductFormView.tsx(69,17): error TS2322: Type '{ categories: Category[]; setSelectedCategory: (c: Category | null) => void; categoryPaths: Category[]; }' is not assignable to type 'IntrinsicAttributes & SelectProps'.
  Property 'categories' does not exist on type 'IntrinsicAttributes & SelectProps'.
src/widgets/admin/categories-table/model/useCategoriesTable.ts(7,15): error TS2724: '"@/entities/category/model/types"' has no exported member named 'CategoryTree'. Did you mean 'Category'?
src/widgets/admin/categories-table/ui/CategoryTable.tsx(3,35): error TS2307: Cannot find module '@/components/Admin/Category/CategoryTableView' or its corresponding type declarations.
src/widgets/admin/dashboard-realtime/ui/RealtimeBottomOverview.tsx(7,57): error TS2307: Cannot find module './RealtimeBottomOverviewView' or its corresponding type declarations.
src/widgets/admin/dashboard-realtime/ui/RealtimeBottomOverview.tsx(16,38): error TS2322: Type '{ gaBottomData: GARealTimeResponseBottom | undefined; }' is not assignable to type 'IntrinsicAttributes'.
  Property 'gaBottomData' does not exist on type 'IntrinsicAttributes'.
src/widgets/admin/dashboard-realtime/ui/RealtimeOverview.tsx(5,38): error TS2307: Cannot find module './RealtimeOverviewView' or its corresponding type declarations.
src/widgets/admin/dashboard-traffic/ui/TrafficBottomOverview.tsx(5,43): error TS2307: Cannot find module '@/widgets/admin/dashboard-traffic/ui/TrafficBottomOverviewView' or its corresponding type declarations.
src/widgets/admin/dashboard-traffic/ui/TrafficMiddleOverview.tsx(11,43): error TS2307: Cannot find module './TrafficMiddleOverviewView' or its corresponding type declarations.
src/widgets/admin/dashboard-traffic/ui/TrafficOverview.tsx(5,37): error TS2307: Cannot find module '@/widgets/admin/dashboard-traffic/ui/TrafficOverviewView' or its corresponding type declarations.
src/widgets/admin/orders-table/ui/OrderTable.tsx(3,32): error TS2307: Cannot find module '@/components/Admin/Tables/OderTableView' or its corresponding type declarations.
src/widgets/admin/orders-table/ui/OrderTableView.tsx(16,46): error TS2307: Cannot find module './TableDatePicker' or its corresponding type declarations.
src/widgets/admin/orders-table/ui/OrderTableView.tsx(56,28): error TS2322: Type '{ date: DatepickType; dateChange: (v: any) => void; }' is not assignable to type 'IntrinsicAttributes'.
  Property 'date' does not exist on type 'IntrinsicAttributes'.
src/widgets/admin/payments-table/ui/PaymentTableView.tsx(17,46): error TS2307: Cannot find module './TableDatePicker' or its corresponding type declarations.
src/widgets/admin/payments-table/ui/PaymentTableView.tsx(54,30): error TS2322: Type '{ date: DatepickType; dateChange: (v: any) => void; }' is not assignable to type 'IntrinsicAttributes'.
  Property 'date' does not exist on type 'IntrinsicAttributes'.
src/widgets/admin/products-table/ui/ProductsTable.tsx(4,34): error TS2307: Cannot find module './ProductTableView' or its corresponding type declarations.
src/widgets/admin/products-table/ui/ProductsTableView.tsx(17,37): error TS2307: Cannot find module '../Dialog' or its corresponding type declarations.
src/widgets/admin/products-table/ui/ProductsTableView.tsx(51,11): error TS2322: Type '{ content: string; clickModal: () => void; showDialog: true; doAction: () => void; }' is not assignable to type 'IntrinsicAttributes'.
  Property 'content' does not exist on type 'IntrinsicAttributes'.
src/widgets/admin/table-kit/ui/ViewButton.tsx(3,26): error TS2307: Cannot find module '../../Common/ClickOutside' or its corresponding type declarations.
src/widgets/admin/users/ui/Profile.tsx(5,29): error TS2307: Cannot find module './ProfileView' or its corresponding type declarations.
src/widgets/home/main/ui/Home.tsx(7,41): error TS2307: Cannot find module '../../Admin/Product/ExpertList' or its corresponding type declarations.
src/widgets/home/main/ui/Home.tsx(8,46): error TS2307: Cannot find module '../../Admin/Product/MainProductList' or its corresponding type declarations.
src/widgets/home/main/ui/Home.tsx(11,39): error TS2307: Cannot find module '../../Admin/Product/MainInfo' or its corresponding type declarations.
src/widgets/home/main/ui/Home.tsx(33,28): error TS2322: Type '{ type: string; }' is not assignable to type 'IntrinsicAttributes'.
  Property 'type' does not exist on type 'IntrinsicAttributes'.
src/widgets/home/main/ui/Home.tsx(41,28): error TS2322: Type '{ type: string; }' is not assignable to type 'IntrinsicAttributes'.
  Property 'type' does not exist on type 'IntrinsicAttributes'.
src/widgets/home/profile/ui/OrderDetail.tsx(5,33): error TS2307: Cannot find module './OrderDetailView' or its corresponding type declarations.
src/widgets/home/profile/ui/UserReviews.tsx(3,30): error TS2307: Cannot find module '@/hooks/home/review/useMyReviews' or its corresponding type declarations.
src/widgets/layout/ui/FullMenu.tsx(3,30): error TS2307: Cannot find module 'src/components/Home/Common/FullMenuView' or its corresponding type declarations.
src/widgets/layout/ui/FullMenu.tsx(5,29): error TS2307: Cannot find module '@/hooks/common/useFullMenu' or its corresponding type declarations.
src/widgets/layout/ui/Header.tsx(5,23): error TS2307: Cannot find module '@/widgets/layout/ui/Header/AdminUser' or its corresponding type declarations.
src/widgets/layout/ui/Menu.tsx(12,25): error TS2307: Cannot find module '@/utils/isAdmin' or its corresponding type declarations.
src/widgets/layout/ui/Navbar.tsx(4,30): error TS2307: Cannot find module 'src/components/Skeleton/FullMenuSkeleton' or its corresponding type declarations.
src/widgets/layout/ui/NavIcons.tsx(3,30): error TS2307: Cannot find module 'src/components/Home/Common/NavIconsView' or its corresponding type declarations.
src/widgets/layout/ui/NavIcons.tsx(5,29): error TS2307: Cannot find module '@/hooks/common/useNavIcons' or its corresponding type declarations.
src/widgets/layout/ui/NavIconsView.tsx(10,40): error TS2307: Cannot find module 'src/components/Home/Cart/CartModal' or its corresponding type declarations.
src/widgets/layout/ui/Sidebar.tsx(10,25): error TS2307: Cannot find module '@/widgets/layout/ui/Sidebar/SidebarItem' or its corresponding type declarations.
src/widgets/layout/ui/Sidebar.tsx(15,37): error TS2307: Cannot find module '../Admin/Dialog' or its corresponding type declarations.
src/widgets/layout/ui/Sidebar.tsx(254,11): error TS2322: Type '{ content: string; clickModal: () => void; showDialog: true; doAction: () => Promise<void>; }' is not assignable to type 'IntrinsicAttributes'.
  Property 'content' does not exist on type 'IntrinsicAttributes'.
src/widgets/layout/ui/SidebarItem.tsx(5,29): error TS2307: Cannot find module '@/widgets/layout/ui/Sidebar/SidebarDropdown' or its corresponding type declarations.
